<?xml version="1.0" encoding="UTF-8"?>
<testsuites>
  <testsuite name="src/" tests="21" assertions="54" failures="0" errors="0" time="0.048593">
    <testsuite name="TrueAction_Dom_Test_DocumentTest" file="/Users/smithm5/Documents/dev/dom/src/lib/TrueAction/Dom/Test/DocumentTest.php" fullPackage="TrueAction.Dom.Test" tests="9" assertions="16" failures="0" errors="0" time="0.024793">
      <testcase name="testUsage" class="TrueAction_Dom_Test_DocumentTest" file="/Users/smithm5/Documents/dev/dom/src/lib/TrueAction/Dom/Test/DocumentTest.php" line="9" assertions="3" time="0.003614"/>
      <testcase name="testAddElementWithNs" class="TrueAction_Dom_Test_DocumentTest" file="/Users/smithm5/Documents/dev/dom/src/lib/TrueAction/Dom/Test/DocumentTest.php" line="31" assertions="1" time="0.003680"/>
      <testcase name="testCreateElementWithNs" class="TrueAction_Dom_Test_DocumentTest" file="/Users/smithm5/Documents/dev/dom/src/lib/TrueAction/Dom/Test/DocumentTest.php" line="47" assertions="1" time="0.001517"/>
      <testcase name="testSetNode" class="TrueAction_Dom_Test_DocumentTest" file="/Users/smithm5/Documents/dev/dom/src/lib/TrueAction/Dom/Test/DocumentTest.php" line="62" assertions="5" time="0.004964"/>
      <testcase name="testSetNodeTrailingSlash" class="TrueAction_Dom_Test_DocumentTest" file="/Users/smithm5/Documents/dev/dom/src/lib/TrueAction/Dom/Test/DocumentTest.php" line="76" assertions="1" time="0.001575"/>
      <testcase name="testSetNodeException" class="TrueAction_Dom_Test_DocumentTest" file="/Users/smithm5/Documents/dev/dom/src/lib/TrueAction/Dom/Test/DocumentTest.php" line="86" assertions="1" time="0.004072"/>
      <testcase name="testSetNodeException2" class="TrueAction_Dom_Test_DocumentTest" file="/Users/smithm5/Documents/dev/dom/src/lib/TrueAction/Dom/Test/DocumentTest.php" line="96" assertions="1" time="0.001929"/>
      <testcase name="testSetNodeOverwrite" class="TrueAction_Dom_Test_DocumentTest" file="/Users/smithm5/Documents/dev/dom/src/lib/TrueAction/Dom/Test/DocumentTest.php" line="103" assertions="2" time="0.001777"/>
      <testcase name="testAddElementException" class="TrueAction_Dom_Test_DocumentTest" file="/Users/smithm5/Documents/dev/dom/src/lib/TrueAction/Dom/Test/DocumentTest.php" line="115" assertions="1" time="0.001665"/>
    </testsuite>
    <testsuite name="TrueAction_Dom_Test_ElementTest" file="/Users/smithm5/Documents/dev/dom/src/lib/TrueAction/Dom/Test/ElementTest.php" fullPackage="TrueAction.Dom.Test" tests="12" assertions="38" failures="0" errors="0" time="0.023800">
      <testcase name="testCreateChild" class="TrueAction_Dom_Test_ElementTest" file="/Users/smithm5/Documents/dev/dom/src/lib/TrueAction/Dom/Test/ElementTest.php" line="17" assertions="5" time="0.002074"/>
      <testcase name="testAddChild" class="TrueAction_Dom_Test_ElementTest" file="/Users/smithm5/Documents/dev/dom/src/lib/TrueAction/Dom/Test/ElementTest.php" line="34" assertions="1" time="0.001699"/>
      <testcase name="testCreateChildSpecialChars" class="TrueAction_Dom_Test_ElementTest" file="/Users/smithm5/Documents/dev/dom/src/lib/TrueAction/Dom/Test/ElementTest.php" line="48" assertions="2" time="0.001923"/>
      <testcase name="testCreateChildDomNode" class="TrueAction_Dom_Test_ElementTest" file="/Users/smithm5/Documents/dev/dom/src/lib/TrueAction/Dom/Test/ElementTest.php" line="65" assertions="2" time="0.001732"/>
      <testcase name="testCreateChildNoOptionals" class="TrueAction_Dom_Test_ElementTest" file="/Users/smithm5/Documents/dev/dom/src/lib/TrueAction/Dom/Test/ElementTest.php" line="76" assertions="1" time="0.001545"/>
      <testcase name="testSetAttribute" class="TrueAction_Dom_Test_ElementTest" file="/Users/smithm5/Documents/dev/dom/src/lib/TrueAction/Dom/Test/ElementTest.php" line="85" assertions="3" time="0.001862"/>
      <testcase name="testAddAttribute" class="TrueAction_Dom_Test_ElementTest" file="/Users/smithm5/Documents/dev/dom/src/lib/TrueAction/Dom/Test/ElementTest.php" line="96" assertions="3" time="0.001848"/>
      <testcase name="testCreateChildWithNsAttribute" class="TrueAction_Dom_Test_ElementTest" file="/Users/smithm5/Documents/dev/dom/src/lib/TrueAction/Dom/Test/ElementTest.php" line="107" assertions="1" time="0.001627"/>
      <testcase name="testSetNode" class="TrueAction_Dom_Test_ElementTest" file="/Users/smithm5/Documents/dev/dom/src/lib/TrueAction/Dom/Test/ElementTest.php" line="126" assertions="10" time="0.003295"/>
      <testcase name="testSetNodeOverwrite" class="TrueAction_Dom_Test_ElementTest" file="/Users/smithm5/Documents/dev/dom/src/lib/TrueAction/Dom/Test/ElementTest.php" line="161" assertions="5" time="0.002568"/>
      <testcase name="testAddAttributes" class="TrueAction_Dom_Test_ElementTest" file="/Users/smithm5/Documents/dev/dom/src/lib/TrueAction/Dom/Test/ElementTest.php" line="179" assertions="5" time="0.002038"/>
      <testcase name="testValueCoersion" class="TrueAction_Dom_Test_ElementTest" file="/Users/smithm5/Documents/dev/dom/src/lib/TrueAction/Dom/Test/ElementTest.php" line="191" assertions="0" time="0.001589"/>
    </testsuite>
  </testsuite>
</testsuites>
